<?xml version="1.0" encoding="UTF-8"?>
<testsuites name="Mocha Tests" time="16.569" tests="1" failures="0">
  <testsuite name="Root Suite" timestamp="2020-05-30T07:24:53" tests="0" file="cypress/integration/sw360/components/createComp.spec.js" failures="0" time="0">
  </testsuite>
  <testsuite name="Test Components" timestamp="2020-05-30T07:24:53" tests="1" failures="0" time="16.569">
    <testcase name="Test Components Create new Component" time="16.569" classname="Create new Component">
    </testcase>
  </testsuite>
</testsuites>